Analysis & Synthesis report for DigitalWatch
Sun Dec 21 17:36:29 2025
Quartus Prime Version 20.1.1 Build 720 11/11/2020 SJ Lite Edition


---------------------
; Table of Contents ;
---------------------
  1. Legal Notice
  2. Analysis & Synthesis Summary
  3. Analysis & Synthesis Settings
  4. Parallel Compilation
  5. Analysis & Synthesis Source Files Read
  6. Analysis & Synthesis Resource Usage Summary
  7. Analysis & Synthesis Resource Utilization by Entity
  8. State Machine - |DigitalWatch|FNDDisplay:b2v_inst2|state
  9. State Machine - |DigitalWatch|MasterSelect:b2v_inst|set_pos
 10. Registers Removed During Synthesis
 11. General Register Statistics
 12. Inverted Register Statistics
 13. Multiplexer Restructuring Statistics (Restructuring Performed)
 14. Parameter Settings for User Entity Instance: Top-level Entity: |DigitalWatch
 15. Parameter Settings for User Entity Instance: MasterSelect:b2v_inst
 16. Parameter Settings for User Entity Instance: DigitalClock:b2v_inst1
 17. Parameter Settings for User Entity Instance: FNDDisplay:b2v_inst2
 18. Parameter Settings for Inferred Entity Instance: FNDDisplay:b2v_inst2|lpm_divide:Mod0
 19. Parameter Settings for Inferred Entity Instance: FNDDisplay:b2v_inst2|lpm_divide:Div0
 20. Parameter Settings for Inferred Entity Instance: FNDDisplay:b2v_inst2|lpm_divide:Mod1
 21. Parameter Settings for Inferred Entity Instance: FNDDisplay:b2v_inst2|lpm_divide:Div1
 22. Parameter Settings for Inferred Entity Instance: FNDDisplay:b2v_inst2|lpm_divide:Mod2
 23. Parameter Settings for Inferred Entity Instance: FNDDisplay:b2v_inst2|lpm_divide:Div2
 24. Parameter Settings for Inferred Entity Instance: FNDDisplay:b2v_inst2|lpm_divide:Mod3
 25. Post-Synthesis Netlist Statistics for Top Partition
 26. Elapsed Time Per Partition
 27. Analysis & Synthesis Messages



----------------
; Legal Notice ;
----------------
Copyright (C) 2020  Intel Corporation. All rights reserved.
Your use of Intel Corporation's design tools, logic functions 
and other software and tools, and any partner logic 
functions, and any output files from any of the foregoing 
(including device programming or simulation files), and any 
associated documentation or information are expressly subject 
to the terms and conditions of the Intel Program License 
Subscription Agreement, the Intel Quartus Prime License Agreement,
the Intel FPGA IP License Agreement, or other applicable license
agreement, including, without limitation, that your use is for
the sole purpose of programming logic devices manufactured by
Intel and sold by Intel or its authorized distributors.  Please
refer to the applicable agreement for further details, at
https://fpgasoftware.intel.com/eula.



+----------------------------------------------------------------------------------+
; Analysis & Synthesis Summary                                                     ;
+------------------------------------+---------------------------------------------+
; Analysis & Synthesis Status        ; Successful - Sun Dec 21 17:36:29 2025       ;
; Quartus Prime Version              ; 20.1.1 Build 720 11/11/2020 SJ Lite Edition ;
; Revision Name                      ; DigitalWatch                                ;
; Top-level Entity Name              ; DigitalWatch                                ;
; Family                             ; Cyclone IV E                                ;
; Total logic elements               ; 419                                         ;
;     Total combinational functions  ; 419                                         ;
;     Dedicated logic registers      ; 165                                         ;
; Total registers                    ; 165                                         ;
; Total pins                         ; 36                                          ;
; Total virtual pins                 ; 0                                           ;
; Total memory bits                  ; 0                                           ;
; Embedded Multiplier 9-bit elements ; 0                                           ;
; Total PLLs                         ; 0                                           ;
+------------------------------------+---------------------------------------------+


+------------------------------------------------------------------------------------------------------------+
; Analysis & Synthesis Settings                                                                              ;
+------------------------------------------------------------------+--------------------+--------------------+
; Option                                                           ; Setting            ; Default Value      ;
+------------------------------------------------------------------+--------------------+--------------------+
; Device                                                           ; EP4CE115F29C7      ;                    ;
; Top-level entity name                                            ; DigitalWatch       ; DigitalWatch       ;
; Family name                                                      ; Cyclone IV E       ; Cyclone V          ;
; State Machine Processing                                         ; User-Encoded       ; Auto               ;
; Use smart compilation                                            ; Off                ; Off                ;
; Enable parallel Assembler and Timing Analyzer during compilation ; On                 ; On                 ;
; Enable compact report table                                      ; Off                ; Off                ;
; Restructure Multiplexers                                         ; Auto               ; Auto               ;
; Create Debugging Nodes for IP Cores                              ; Off                ; Off                ;
; Preserve fewer node names                                        ; On                 ; On                 ;
; Intel FPGA IP Evaluation Mode                                    ; Enable             ; Enable             ;
; Verilog Version                                                  ; Verilog_2001       ; Verilog_2001       ;
; VHDL Version                                                     ; VHDL_1993          ; VHDL_1993          ;
; Safe State Machine                                               ; Off                ; Off                ;
; Extract Verilog State Machines                                   ; On                 ; On                 ;
; Extract VHDL State Machines                                      ; On                 ; On                 ;
; Ignore Verilog initial constructs                                ; Off                ; Off                ;
; Iteration limit for constant Verilog loops                       ; 5000               ; 5000               ;
; Iteration limit for non-constant Verilog loops                   ; 250                ; 250                ;
; Add Pass-Through Logic to Inferred RAMs                          ; On                 ; On                 ;
; Infer RAMs from Raw Logic                                        ; On                 ; On                 ;
; Parallel Synthesis                                               ; On                 ; On                 ;
; DSP Block Balancing                                              ; Auto               ; Auto               ;
; NOT Gate Push-Back                                               ; On                 ; On                 ;
; Power-Up Don't Care                                              ; On                 ; On                 ;
; Remove Redundant Logic Cells                                     ; Off                ; Off                ;
; Remove Duplicate Registers                                       ; On                 ; On                 ;
; Ignore CARRY Buffers                                             ; Off                ; Off                ;
; Ignore CASCADE Buffers                                           ; Off                ; Off                ;
; Ignore GLOBAL Buffers                                            ; Off                ; Off                ;
; Ignore ROW GLOBAL Buffers                                        ; Off                ; Off                ;
; Ignore LCELL Buffers                                             ; Off                ; Off                ;
; Ignore SOFT Buffers                                              ; On                 ; On                 ;
; Limit AHDL Integers to 32 Bits                                   ; Off                ; Off                ;
; Optimization Technique                                           ; Balanced           ; Balanced           ;
; Carry Chain Length                                               ; 70                 ; 70                 ;
; Auto Carry Chains                                                ; On                 ; On                 ;
; Auto Open-Drain Pins                                             ; On                 ; On                 ;
; Perform WYSIWYG Primitive Resynthesis                            ; Off                ; Off                ;
; Auto ROM Replacement                                             ; On                 ; On                 ;
; Auto RAM Replacement                                             ; On                 ; On                 ;
; Auto DSP Block Replacement                                       ; On                 ; On                 ;
; Auto Shift Register Replacement                                  ; Auto               ; Auto               ;
; Allow Shift Register Merging across Hierarchies                  ; Auto               ; Auto               ;
; Auto Clock Enable Replacement                                    ; On                 ; On                 ;
; Strict RAM Replacement                                           ; Off                ; Off                ;
; Allow Synchronous Control Signals                                ; On                 ; On                 ;
; Force Use of Synchronous Clear Signals                           ; Off                ; Off                ;
; Auto RAM Block Balancing                                         ; On                 ; On                 ;
; Auto RAM to Logic Cell Conversion                                ; Off                ; Off                ;
; Auto Resource Sharing                                            ; Off                ; Off                ;
; Allow Any RAM Size For Recognition                               ; Off                ; Off                ;
; Allow Any ROM Size For Recognition                               ; Off                ; Off                ;
; Allow Any Shift Register Size For Recognition                    ; Off                ; Off                ;
; Use LogicLock Constraints during Resource Balancing              ; On                 ; On                 ;
; Ignore translate_off and synthesis_off directives                ; Off                ; Off                ;
; Timing-Driven Synthesis                                          ; On                 ; On                 ;
; Report Parameter Settings                                        ; On                 ; On                 ;
; Report Source Assignments                                        ; On                 ; On                 ;
; Report Connectivity Checks                                       ; On                 ; On                 ;
; Ignore Maximum Fan-Out Assignments                               ; Off                ; Off                ;
; Synchronization Register Chain Length                            ; 2                  ; 2                  ;
; Power Optimization During Synthesis                              ; Normal compilation ; Normal compilation ;
; HDL message level                                                ; Level2             ; Level2             ;
; Suppress Register Optimization Related Messages                  ; Off                ; Off                ;
; Number of Removed Registers Reported in Synthesis Report         ; 5000               ; 5000               ;
; Number of Swept Nodes Reported in Synthesis Report               ; 5000               ; 5000               ;
; Number of Inverted Registers Reported in Synthesis Report        ; 100                ; 100                ;
; Clock MUX Protection                                             ; On                 ; On                 ;
; Auto Gated Clock Conversion                                      ; Off                ; Off                ;
; Block Design Naming                                              ; Auto               ; Auto               ;
; SDC constraint protection                                        ; Off                ; Off                ;
; Synthesis Effort                                                 ; Auto               ; Auto               ;
; Shift Register Replacement - Allow Asynchronous Clear Signal     ; On                 ; On                 ;
; Pre-Mapping Resynthesis Optimization                             ; Off                ; Off                ;
; Analysis & Synthesis Message Level                               ; Medium             ; Medium             ;
; Disable Register Merging Across Hierarchies                      ; Auto               ; Auto               ;
; Resource Aware Inference For Block RAM                           ; On                 ; On                 ;
+------------------------------------------------------------------+--------------------+--------------------+


+------------------------------------------+
; Parallel Compilation                     ;
+----------------------------+-------------+
; Processors                 ; Number      ;
+----------------------------+-------------+
; Number detected on machine ; 32          ;
; Maximum allowed            ; 16          ;
;                            ;             ;
; Average used               ; 1.00        ;
; Maximum used               ; 16          ;
;                            ;             ;
; Usage by Processor         ; % Time Used ;
;     Processor 1            ; 100.0%      ;
;     Processor 2            ;   0.1%      ;
;     Processors 3-16        ;   0.0%      ;
+----------------------------+-------------+


+----------------------------------------------------------------------------------------------------------------------------------------------------------------------------------------+
; Analysis & Synthesis Source Files Read                                                                                                                                                 ;
+----------------------------------+-----------------+------------------------------+------------------------------------------------------------------------------------------+---------+
; File Name with User-Entered Path ; Used in Netlist ; File Type                    ; File Name with Absolute Path                                                             ; Library ;
+----------------------------------+-----------------+------------------------------+------------------------------------------------------------------------------------------+---------+
; DigitalClock.v                   ; yes             ; User Verilog HDL File        ; C:/Users/ncool/Github/FPGA/Quartus/QuartusModule/DigitalWatch/DigitalClock.v             ;         ;
; DigitalWatch.v                   ; yes             ; User Verilog HDL File        ; C:/Users/ncool/Github/FPGA/Quartus/QuartusModule/DigitalWatch/DigitalWatch.v             ;         ;
; MasterSelect.v                   ; yes             ; User Verilog HDL File        ; C:/Users/ncool/Github/FPGA/Quartus/QuartusModule/DigitalWatch/MasterSelect.v             ;         ;
; FNDDisplay.v                     ; yes             ; User Verilog HDL File        ; C:/Users/ncool/Github/FPGA/Quartus/QuartusModule/DigitalWatch/FNDDisplay.v               ;         ;
; lpm_divide.tdf                   ; yes             ; Megafunction                 ; c:/intelfpga_lite/20.1/quartus/libraries/megafunctions/lpm_divide.tdf                    ;         ;
; abs_divider.inc                  ; yes             ; Megafunction                 ; c:/intelfpga_lite/20.1/quartus/libraries/megafunctions/abs_divider.inc                   ;         ;
; sign_div_unsign.inc              ; yes             ; Megafunction                 ; c:/intelfpga_lite/20.1/quartus/libraries/megafunctions/sign_div_unsign.inc               ;         ;
; aglobal201.inc                   ; yes             ; Megafunction                 ; c:/intelfpga_lite/20.1/quartus/libraries/megafunctions/aglobal201.inc                    ;         ;
; db/lpm_divide_k9m.tdf            ; yes             ; Auto-Generated Megafunction  ; C:/Users/ncool/Github/FPGA/Quartus/QuartusModule/DigitalWatch/db/lpm_divide_k9m.tdf      ;         ;
; db/sign_div_unsign_9kh.tdf       ; yes             ; Auto-Generated Megafunction  ; C:/Users/ncool/Github/FPGA/Quartus/QuartusModule/DigitalWatch/db/sign_div_unsign_9kh.tdf ;         ;
; db/alt_u_div_64f.tdf             ; yes             ; Auto-Generated Megafunction  ; C:/Users/ncool/Github/FPGA/Quartus/QuartusModule/DigitalWatch/db/alt_u_div_64f.tdf       ;         ;
; db/add_sub_7pc.tdf               ; yes             ; Auto-Generated Megafunction  ; C:/Users/ncool/Github/FPGA/Quartus/QuartusModule/DigitalWatch/db/add_sub_7pc.tdf         ;         ;
; db/add_sub_8pc.tdf               ; yes             ; Auto-Generated Megafunction  ; C:/Users/ncool/Github/FPGA/Quartus/QuartusModule/DigitalWatch/db/add_sub_8pc.tdf         ;         ;
; db/lpm_divide_ghm.tdf            ; yes             ; Auto-Generated Megafunction  ; C:/Users/ncool/Github/FPGA/Quartus/QuartusModule/DigitalWatch/db/lpm_divide_ghm.tdf      ;         ;
; db/sign_div_unsign_8kh.tdf       ; yes             ; Auto-Generated Megafunction  ; C:/Users/ncool/Github/FPGA/Quartus/QuartusModule/DigitalWatch/db/sign_div_unsign_8kh.tdf ;         ;
; db/alt_u_div_44f.tdf             ; yes             ; Auto-Generated Megafunction  ; C:/Users/ncool/Github/FPGA/Quartus/QuartusModule/DigitalWatch/db/alt_u_div_44f.tdf       ;         ;
; db/lpm_divide_j9m.tdf            ; yes             ; Auto-Generated Megafunction  ; C:/Users/ncool/Github/FPGA/Quartus/QuartusModule/DigitalWatch/db/lpm_divide_j9m.tdf      ;         ;
; db/lpm_divide_hhm.tdf            ; yes             ; Auto-Generated Megafunction  ; C:/Users/ncool/Github/FPGA/Quartus/QuartusModule/DigitalWatch/db/lpm_divide_hhm.tdf      ;         ;
; db/sign_div_unsign_akh.tdf       ; yes             ; Auto-Generated Megafunction  ; C:/Users/ncool/Github/FPGA/Quartus/QuartusModule/DigitalWatch/db/sign_div_unsign_akh.tdf ;         ;
; db/alt_u_div_74f.tdf             ; yes             ; Auto-Generated Megafunction  ; C:/Users/ncool/Github/FPGA/Quartus/QuartusModule/DigitalWatch/db/alt_u_div_74f.tdf       ;         ;
; db/lpm_divide_l9m.tdf            ; yes             ; Auto-Generated Megafunction  ; C:/Users/ncool/Github/FPGA/Quartus/QuartusModule/DigitalWatch/db/lpm_divide_l9m.tdf      ;         ;
+----------------------------------+-----------------+------------------------------+------------------------------------------------------------------------------------------+---------+


+---------------------------------------------------------+
; Analysis & Synthesis Resource Usage Summary             ;
+---------------------------------------------+-----------+
; Resource                                    ; Usage     ;
+---------------------------------------------+-----------+
; Estimated Total logic elements              ; 419       ;
;                                             ;           ;
; Total combinational functions               ; 419       ;
; Logic element usage by number of LUT inputs ;           ;
;     -- 4 input functions                    ; 83        ;
;     -- 3 input functions                    ; 90        ;
;     -- <=2 input functions                  ; 246       ;
;                                             ;           ;
; Logic elements by mode                      ;           ;
;     -- normal mode                          ; 252       ;
;     -- arithmetic mode                      ; 167       ;
;                                             ;           ;
; Total registers                             ; 165       ;
;     -- Dedicated logic registers            ; 165       ;
;     -- I/O registers                        ; 0         ;
;                                             ;           ;
; I/O pins                                    ; 36        ;
;                                             ;           ;
; Embedded Multiplier 9-bit elements          ; 0         ;
;                                             ;           ;
; Maximum fan-out node                        ; clk~input ;
; Maximum fan-out                             ; 138       ;
; Total fan-out                               ; 1678      ;
; Average fan-out                             ; 2.56      ;
+---------------------------------------------+-----------+


+------------------------------------------------------------------------------------------------------------------------------------------------------------------------------------------------------------------------------------------------------------------------------------------------------------------------------------------------+
; Analysis & Synthesis Resource Utilization by Entity                                                                                                                                                                                                                                                                                            ;
+-------------------------------------------+---------------------+---------------------------+-------------+--------------+---------+-----------+------+--------------+------------------------------------------------------------------------------------------------------------------------------------+---------------------+--------------+
; Compilation Hierarchy Node                ; Combinational ALUTs ; Dedicated Logic Registers ; Memory Bits ; DSP Elements ; DSP 9x9 ; DSP 18x18 ; Pins ; Virtual Pins ; Full Hierarchy Name                                                                                                                ; Entity Name         ; Library Name ;
+-------------------------------------------+---------------------+---------------------------+-------------+--------------+---------+-----------+------+--------------+------------------------------------------------------------------------------------------------------------------------------------+---------------------+--------------+
; |DigitalWatch                             ; 419 (0)             ; 165 (0)                   ; 0           ; 0            ; 0       ; 0         ; 36   ; 0            ; |DigitalWatch                                                                                                                      ; DigitalWatch        ; work         ;
;    |DigitalClock:b2v_inst1|               ; 28 (28)             ; 18 (18)                   ; 0           ; 0            ; 0       ; 0         ; 0    ; 0            ; |DigitalWatch|DigitalClock:b2v_inst1                                                                                               ; DigitalClock        ; work         ;
;    |FNDDisplay:b2v_inst2|                 ; 253 (73)            ; 44 (44)                   ; 0           ; 0            ; 0       ; 0         ; 0    ; 0            ; |DigitalWatch|FNDDisplay:b2v_inst2                                                                                                 ; FNDDisplay          ; work         ;
;       |lpm_divide:Div0|                   ; 18 (0)              ; 0 (0)                     ; 0           ; 0            ; 0       ; 0         ; 0    ; 0            ; |DigitalWatch|FNDDisplay:b2v_inst2|lpm_divide:Div0                                                                                 ; lpm_divide          ; work         ;
;          |lpm_divide_ghm:auto_generated|  ; 18 (0)              ; 0 (0)                     ; 0           ; 0            ; 0       ; 0         ; 0    ; 0            ; |DigitalWatch|FNDDisplay:b2v_inst2|lpm_divide:Div0|lpm_divide_ghm:auto_generated                                                   ; lpm_divide_ghm      ; work         ;
;             |sign_div_unsign_8kh:divider| ; 18 (0)              ; 0 (0)                     ; 0           ; 0            ; 0       ; 0         ; 0    ; 0            ; |DigitalWatch|FNDDisplay:b2v_inst2|lpm_divide:Div0|lpm_divide_ghm:auto_generated|sign_div_unsign_8kh:divider                       ; sign_div_unsign_8kh ; work         ;
;                |alt_u_div_44f:divider|    ; 18 (18)             ; 0 (0)                     ; 0           ; 0            ; 0       ; 0         ; 0    ; 0            ; |DigitalWatch|FNDDisplay:b2v_inst2|lpm_divide:Div0|lpm_divide_ghm:auto_generated|sign_div_unsign_8kh:divider|alt_u_div_44f:divider ; alt_u_div_44f       ; work         ;
;       |lpm_divide:Div1|                   ; 30 (0)              ; 0 (0)                     ; 0           ; 0            ; 0       ; 0         ; 0    ; 0            ; |DigitalWatch|FNDDisplay:b2v_inst2|lpm_divide:Div1                                                                                 ; lpm_divide          ; work         ;
;          |lpm_divide_hhm:auto_generated|  ; 30 (0)              ; 0 (0)                     ; 0           ; 0            ; 0       ; 0         ; 0    ; 0            ; |DigitalWatch|FNDDisplay:b2v_inst2|lpm_divide:Div1|lpm_divide_hhm:auto_generated                                                   ; lpm_divide_hhm      ; work         ;
;             |sign_div_unsign_akh:divider| ; 30 (0)              ; 0 (0)                     ; 0           ; 0            ; 0       ; 0         ; 0    ; 0            ; |DigitalWatch|FNDDisplay:b2v_inst2|lpm_divide:Div1|lpm_divide_hhm:auto_generated|sign_div_unsign_akh:divider                       ; sign_div_unsign_akh ; work         ;
;                |alt_u_div_74f:divider|    ; 30 (30)             ; 0 (0)                     ; 0           ; 0            ; 0       ; 0         ; 0    ; 0            ; |DigitalWatch|FNDDisplay:b2v_inst2|lpm_divide:Div1|lpm_divide_hhm:auto_generated|sign_div_unsign_akh:divider|alt_u_div_74f:divider ; alt_u_div_74f       ; work         ;
;       |lpm_divide:Div2|                   ; 30 (0)              ; 0 (0)                     ; 0           ; 0            ; 0       ; 0         ; 0    ; 0            ; |DigitalWatch|FNDDisplay:b2v_inst2|lpm_divide:Div2                                                                                 ; lpm_divide          ; work         ;
;          |lpm_divide_hhm:auto_generated|  ; 30 (0)              ; 0 (0)                     ; 0           ; 0            ; 0       ; 0         ; 0    ; 0            ; |DigitalWatch|FNDDisplay:b2v_inst2|lpm_divide:Div2|lpm_divide_hhm:auto_generated                                                   ; lpm_divide_hhm      ; work         ;
;             |sign_div_unsign_akh:divider| ; 30 (0)              ; 0 (0)                     ; 0           ; 0            ; 0       ; 0         ; 0    ; 0            ; |DigitalWatch|FNDDisplay:b2v_inst2|lpm_divide:Div2|lpm_divide_hhm:auto_generated|sign_div_unsign_akh:divider                       ; sign_div_unsign_akh ; work         ;
;                |alt_u_div_74f:divider|    ; 30 (30)             ; 0 (0)                     ; 0           ; 0            ; 0       ; 0         ; 0    ; 0            ; |DigitalWatch|FNDDisplay:b2v_inst2|lpm_divide:Div2|lpm_divide_hhm:auto_generated|sign_div_unsign_akh:divider|alt_u_div_74f:divider ; alt_u_div_74f       ; work         ;
;       |lpm_divide:Mod0|                   ; 13 (0)              ; 0 (0)                     ; 0           ; 0            ; 0       ; 0         ; 0    ; 0            ; |DigitalWatch|FNDDisplay:b2v_inst2|lpm_divide:Mod0                                                                                 ; lpm_divide          ; work         ;
;          |lpm_divide_k9m:auto_generated|  ; 13 (0)              ; 0 (0)                     ; 0           ; 0            ; 0       ; 0         ; 0    ; 0            ; |DigitalWatch|FNDDisplay:b2v_inst2|lpm_divide:Mod0|lpm_divide_k9m:auto_generated                                                   ; lpm_divide_k9m      ; work         ;
;             |sign_div_unsign_9kh:divider| ; 13 (0)              ; 0 (0)                     ; 0           ; 0            ; 0       ; 0         ; 0    ; 0            ; |DigitalWatch|FNDDisplay:b2v_inst2|lpm_divide:Mod0|lpm_divide_k9m:auto_generated|sign_div_unsign_9kh:divider                       ; sign_div_unsign_9kh ; work         ;
;                |alt_u_div_64f:divider|    ; 13 (13)             ; 0 (0)                     ; 0           ; 0            ; 0       ; 0         ; 0    ; 0            ; |DigitalWatch|FNDDisplay:b2v_inst2|lpm_divide:Mod0|lpm_divide_k9m:auto_generated|sign_div_unsign_9kh:divider|alt_u_div_64f:divider ; alt_u_div_64f       ; work         ;
;       |lpm_divide:Mod1|                   ; 23 (0)              ; 0 (0)                     ; 0           ; 0            ; 0       ; 0         ; 0    ; 0            ; |DigitalWatch|FNDDisplay:b2v_inst2|lpm_divide:Mod1                                                                                 ; lpm_divide          ; work         ;
;          |lpm_divide_j9m:auto_generated|  ; 23 (0)              ; 0 (0)                     ; 0           ; 0            ; 0       ; 0         ; 0    ; 0            ; |DigitalWatch|FNDDisplay:b2v_inst2|lpm_divide:Mod1|lpm_divide_j9m:auto_generated                                                   ; lpm_divide_j9m      ; work         ;
;             |sign_div_unsign_8kh:divider| ; 23 (0)              ; 0 (0)                     ; 0           ; 0            ; 0       ; 0         ; 0    ; 0            ; |DigitalWatch|FNDDisplay:b2v_inst2|lpm_divide:Mod1|lpm_divide_j9m:auto_generated|sign_div_unsign_8kh:divider                       ; sign_div_unsign_8kh ; work         ;
;                |alt_u_div_44f:divider|    ; 23 (23)             ; 0 (0)                     ; 0           ; 0            ; 0       ; 0         ; 0    ; 0            ; |DigitalWatch|FNDDisplay:b2v_inst2|lpm_divide:Mod1|lpm_divide_j9m:auto_generated|sign_div_unsign_8kh:divider|alt_u_div_44f:divider ; alt_u_div_44f       ; work         ;
;       |lpm_divide:Mod2|                   ; 33 (0)              ; 0 (0)                     ; 0           ; 0            ; 0       ; 0         ; 0    ; 0            ; |DigitalWatch|FNDDisplay:b2v_inst2|lpm_divide:Mod2                                                                                 ; lpm_divide          ; work         ;
;          |lpm_divide_l9m:auto_generated|  ; 33 (0)              ; 0 (0)                     ; 0           ; 0            ; 0       ; 0         ; 0    ; 0            ; |DigitalWatch|FNDDisplay:b2v_inst2|lpm_divide:Mod2|lpm_divide_l9m:auto_generated                                                   ; lpm_divide_l9m      ; work         ;
;             |sign_div_unsign_akh:divider| ; 33 (0)              ; 0 (0)                     ; 0           ; 0            ; 0       ; 0         ; 0    ; 0            ; |DigitalWatch|FNDDisplay:b2v_inst2|lpm_divide:Mod2|lpm_divide_l9m:auto_generated|sign_div_unsign_akh:divider                       ; sign_div_unsign_akh ; work         ;
;                |alt_u_div_74f:divider|    ; 33 (33)             ; 0 (0)                     ; 0           ; 0            ; 0       ; 0         ; 0    ; 0            ; |DigitalWatch|FNDDisplay:b2v_inst2|lpm_divide:Mod2|lpm_divide_l9m:auto_generated|sign_div_unsign_akh:divider|alt_u_div_74f:divider ; alt_u_div_74f       ; work         ;
;       |lpm_divide:Mod3|                   ; 33 (0)              ; 0 (0)                     ; 0           ; 0            ; 0       ; 0         ; 0    ; 0            ; |DigitalWatch|FNDDisplay:b2v_inst2|lpm_divide:Mod3                                                                                 ; lpm_divide          ; work         ;
;          |lpm_divide_l9m:auto_generated|  ; 33 (0)              ; 0 (0)                     ; 0           ; 0            ; 0       ; 0         ; 0    ; 0            ; |DigitalWatch|FNDDisplay:b2v_inst2|lpm_divide:Mod3|lpm_divide_l9m:auto_generated                                                   ; lpm_divide_l9m      ; work         ;
;             |sign_div_unsign_akh:divider| ; 33 (0)              ; 0 (0)                     ; 0           ; 0            ; 0       ; 0         ; 0    ; 0            ; |DigitalWatch|FNDDisplay:b2v_inst2|lpm_divide:Mod3|lpm_divide_l9m:auto_generated|sign_div_unsign_akh:divider                       ; sign_div_unsign_akh ; work         ;
;                |alt_u_div_74f:divider|    ; 33 (33)             ; 0 (0)                     ; 0           ; 0            ; 0       ; 0         ; 0    ; 0            ; |DigitalWatch|FNDDisplay:b2v_inst2|lpm_divide:Mod3|lpm_divide_l9m:auto_generated|sign_div_unsign_akh:divider|alt_u_div_74f:divider ; alt_u_div_74f       ; work         ;
;    |MasterSelect:b2v_inst|                ; 138 (138)           ; 103 (103)                 ; 0           ; 0            ; 0       ; 0         ; 0    ; 0            ; |DigitalWatch|MasterSelect:b2v_inst                                                                                                ; MasterSelect        ; work         ;
+-------------------------------------------+---------------------+---------------------------+-------------+--------------+---------+-----------+------+--------------+------------------------------------------------------------------------------------------------------------------------------------+---------------------+--------------+
Note: For table entries with two numbers listed, the numbers in parentheses indicate the number of resources of the given type used by the specific entity alone. The numbers listed outside of parentheses indicate the total resources of the given type used by the specific entity and all of its sub-entities in the hierarchy.


Encoding Type:  User-Encoded
+----------------------------------------------------------+
; State Machine - |DigitalWatch|FNDDisplay:b2v_inst2|state ;
+----------+---------+-------------------------------------+
; Name     ; state~4 ; state~3                             ;
+----------+---------+-------------------------------------+
; state.s0 ; 0       ; 0                                   ;
; state.s1 ; 0       ; 1                                   ;
; state.s2 ; 1       ; 0                                   ;
+----------+---------+-------------------------------------+


Encoding Type:  User-Encoded
+-------------------------------------------------------------------+
; State Machine - |DigitalWatch|MasterSelect:b2v_inst|set_pos       ;
+-------------------------------+-----------+-----------+-----------+
; Name                          ; set_pos~7 ; set_pos~6 ; set_pos~5 ;
+-------------------------------+-----------+-----------+-----------+
; set_pos.POSITION_HOUR_LOCAL   ; 0         ; 0         ; 0         ;
; set_pos.POSITION_SECOND_LOCAL ; 1         ; 0         ; 1         ;
; set_pos.POSITION_MINUTE_LOCAL ; 1         ; 1         ; 0         ;
; set_pos.POSITION_NONE_LOCAL   ; 1         ; 0         ; 0         ;
+-------------------------------+-----------+-----------+-----------+


+---------------------------------------------------------------------------------------+
; Registers Removed During Synthesis                                                    ;
+---------------------------------------+-----------------------------------------------+
; Register name                         ; Reason for Removal                            ;
+---------------------------------------+-----------------------------------------------+
; FNDDisplay:b2v_inst2|FNDhour10[3,6]   ; Merged with FNDDisplay:b2v_inst2|FNDhour10[2] ;
; FNDDisplay:b2v_inst2|FNDmin10[6]      ; Merged with FNDDisplay:b2v_inst2|FNDmin10[3]  ;
; FNDDisplay:b2v_inst2|FNDsec10[6]      ; Merged with FNDDisplay:b2v_inst2|FNDsec10[3]  ;
; Total Number of Removed Registers = 4 ;                                               ;
+---------------------------------------+-----------------------------------------------+


+------------------------------------------------------+
; General Register Statistics                          ;
+----------------------------------------------+-------+
; Statistic                                    ; Value ;
+----------------------------------------------+-------+
; Total registers                              ; 165   ;
; Number of registers using Synchronous Clear  ; 149   ;
; Number of registers using Synchronous Load   ; 4     ;
; Number of registers using Asynchronous Clear ; 22    ;
; Number of registers using Asynchronous Load  ; 0     ;
; Number of registers using Clock Enable       ; 54    ;
; Number of registers using Preset             ; 0     ;
+----------------------------------------------+-------+


+--------------------------------------------------+
; Inverted Register Statistics                     ;
+----------------------------------------+---------+
; Inverted Register                      ; Fan out ;
+----------------------------------------+---------+
; FNDDisplay:b2v_inst2|blink             ; 3       ;
; Total number of inverted registers = 1 ;         ;
+----------------------------------------+---------+


+---------------------------------------------------------------------------------------------------------------------------------------------------------------+
; Multiplexer Restructuring Statistics (Restructuring Performed)                                                                                                ;
+--------------------+-----------+---------------+----------------------+------------------------+------------+-------------------------------------------------+
; Multiplexer Inputs ; Bus Width ; Baseline Area ; Area if Restructured ; Saving if Restructured ; Registered ; Example Multiplexer Output                      ;
+--------------------+-----------+---------------+----------------------+------------------------+------------+-------------------------------------------------+
; 3:1                ; 6 bits    ; 12 LEs        ; 6 LEs                ; 6 LEs                  ; Yes        ; |DigitalWatch|DigitalClock:b2v_inst1|sec[4]     ;
; 3:1                ; 6 bits    ; 12 LEs        ; 6 LEs                ; 6 LEs                  ; Yes        ; |DigitalWatch|DigitalClock:b2v_inst1|min[2]     ;
; 4:1                ; 5 bits    ; 10 LEs        ; 5 LEs                ; 5 LEs                  ; Yes        ; |DigitalWatch|DigitalClock:b2v_inst1|hour[0]    ;
; 17:1               ; 4 bits    ; 44 LEs        ; 8 LEs                ; 36 LEs                 ; Yes        ; |DigitalWatch|FNDDisplay:b2v_inst2|FNDhour10[4] ;
; 17:1               ; 7 bits    ; 77 LEs        ; 49 LEs               ; 28 LEs                 ; Yes        ; |DigitalWatch|FNDDisplay:b2v_inst2|FNDhour0[0]  ;
; 17:1               ; 5 bits    ; 55 LEs        ; 20 LEs               ; 35 LEs                 ; Yes        ; |DigitalWatch|FNDDisplay:b2v_inst2|FNDmin10[5]  ;
; 17:1               ; 7 bits    ; 77 LEs        ; 49 LEs               ; 28 LEs                 ; Yes        ; |DigitalWatch|FNDDisplay:b2v_inst2|FNDmin0[6]   ;
; 17:1               ; 5 bits    ; 55 LEs        ; 20 LEs               ; 35 LEs                 ; Yes        ; |DigitalWatch|FNDDisplay:b2v_inst2|FNDsec10[5]  ;
; 17:1               ; 7 bits    ; 77 LEs        ; 49 LEs               ; 28 LEs                 ; Yes        ; |DigitalWatch|FNDDisplay:b2v_inst2|FNDsec0[6]   ;
; 3:1                ; 2 bits    ; 4 LEs         ; 4 LEs                ; 0 LEs                  ; No         ; |DigitalWatch|FNDDisplay:b2v_inst2|state.s2     ;
+--------------------+-----------+---------------+----------------------+------------------------+------------+-------------------------------------------------+


+------------------------------------------------------------------------------+
; Parameter Settings for User Entity Instance: Top-level Entity: |DigitalWatch ;
+-----------------+-------+----------------------------------------------------+
; Parameter Name  ; Value ; Type                                               ;
+-----------------+-------+----------------------------------------------------+
; POSITION_HOUR   ; 100   ; Unsigned Binary                                    ;
; POSITION_MINUTE ; 010   ; Unsigned Binary                                    ;
; POSITION_SECOND ; 001   ; Unsigned Binary                                    ;
; POSITION_NONE   ; 000   ; Unsigned Binary                                    ;
; MODE_NORMAL     ; 0     ; Unsigned Binary                                    ;
; MODE_SETTING    ; 1     ; Unsigned Binary                                    ;
+-----------------+-------+----------------------------------------------------+
Note: In order to hide this table in the UI and the text report file, please set the "Show Parameter Settings in Synthesis Report" option in "Analysis and Synthesis Settings -> More Settings" to "Off".


+--------------------------------------------------------------------+
; Parameter Settings for User Entity Instance: MasterSelect:b2v_inst ;
+-----------------------+-------+------------------------------------+
; Parameter Name        ; Value ; Type                               ;
+-----------------------+-------+------------------------------------+
; POSITION_HOUR_LOCAL   ; 100   ; Unsigned Binary                    ;
; POSITION_MINUTE_LOCAL ; 010   ; Unsigned Binary                    ;
; POSITION_SECOND_LOCAL ; 001   ; Unsigned Binary                    ;
; POSITION_NONE_LOCAL   ; 000   ; Unsigned Binary                    ;
; MODE_NORMAL_LOCAL     ; 0     ; Unsigned Binary                    ;
; MODE_SETTING_LOCAL    ; 1     ; Unsigned Binary                    ;
+-----------------------+-------+------------------------------------+
Note: In order to hide this table in the UI and the text report file, please set the "Show Parameter Settings in Synthesis Report" option in "Analysis and Synthesis Settings -> More Settings" to "Off".


+---------------------------------------------------------------------+
; Parameter Settings for User Entity Instance: DigitalClock:b2v_inst1 ;
+-----------------------+-------+-------------------------------------+
; Parameter Name        ; Value ; Type                                ;
+-----------------------+-------+-------------------------------------+
; POSITION_HOUR_LOCAL   ; 100   ; Unsigned Binary                     ;
; POSITION_MINUTE_LOCAL ; 010   ; Unsigned Binary                     ;
; POSITION_SECOND_LOCAL ; 001   ; Unsigned Binary                     ;
; POSITION_NONE_LOCAL   ; 000   ; Unsigned Binary                     ;
; MODE_NORMAL_LOCAL     ; 0     ; Unsigned Binary                     ;
; MODE_SETTING_LOCAL    ; 1     ; Unsigned Binary                     ;
+-----------------------+-------+-------------------------------------+
Note: In order to hide this table in the UI and the text report file, please set the "Show Parameter Settings in Synthesis Report" option in "Analysis and Synthesis Settings -> More Settings" to "Off".


+-------------------------------------------------------------------+
; Parameter Settings for User Entity Instance: FNDDisplay:b2v_inst2 ;
+-----------------------+-------+-----------------------------------+
; Parameter Name        ; Value ; Type                              ;
+-----------------------+-------+-----------------------------------+
; s0                    ; 00    ; Unsigned Binary                   ;
; s1                    ; 01    ; Unsigned Binary                   ;
; s2                    ; 10    ; Unsigned Binary                   ;
; POSITION_HOUR_LOCAL   ; 100   ; Unsigned Binary                   ;
; POSITION_MINUTE_LOCAL ; 010   ; Unsigned Binary                   ;
; POSITION_SECOND_LOCAL ; 001   ; Unsigned Binary                   ;
; MODE_NORMAL_LOCAL     ; 0     ; Unsigned Binary                   ;
; MODE_SETTING_LOCAL    ; 1     ; Unsigned Binary                   ;
+-----------------------+-------+-----------------------------------+
Note: In order to hide this table in the UI and the text report file, please set the "Show Parameter Settings in Synthesis Report" option in "Analysis and Synthesis Settings -> More Settings" to "Off".


+---------------------------------------------------------------------------------------+
; Parameter Settings for Inferred Entity Instance: FNDDisplay:b2v_inst2|lpm_divide:Mod0 ;
+------------------------+----------------+---------------------------------------------+
; Parameter Name         ; Value          ; Type                                        ;
+------------------------+----------------+---------------------------------------------+
; LPM_WIDTHN             ; 5              ; Untyped                                     ;
; LPM_WIDTHD             ; 5              ; Untyped                                     ;
; LPM_NREPRESENTATION    ; UNSIGNED       ; Untyped                                     ;
; LPM_DREPRESENTATION    ; UNSIGNED       ; Untyped                                     ;
; LPM_PIPELINE           ; 0              ; Untyped                                     ;
; LPM_REMAINDERPOSITIVE  ; TRUE           ; Untyped                                     ;
; MAXIMIZE_SPEED         ; 5              ; Untyped                                     ;
; CBXI_PARAMETER         ; lpm_divide_k9m ; Untyped                                     ;
; CARRY_CHAIN            ; MANUAL         ; Untyped                                     ;
; OPTIMIZE_FOR_SPEED     ; 5              ; Untyped                                     ;
; AUTO_CARRY_CHAINS      ; ON             ; AUTO_CARRY                                  ;
; IGNORE_CARRY_BUFFERS   ; OFF            ; IGNORE_CARRY                                ;
; AUTO_CASCADE_CHAINS    ; ON             ; AUTO_CASCADE                                ;
; IGNORE_CASCADE_BUFFERS ; OFF            ; IGNORE_CASCADE                              ;
+------------------------+----------------+---------------------------------------------+
Note: In order to hide this table in the UI and the text report file, please set the "Show Parameter Settings in Synthesis Report" option in "Analysis and Synthesis Settings -> More Settings" to "Off".


+---------------------------------------------------------------------------------------+
; Parameter Settings for Inferred Entity Instance: FNDDisplay:b2v_inst2|lpm_divide:Div0 ;
+------------------------+----------------+---------------------------------------------+
; Parameter Name         ; Value          ; Type                                        ;
+------------------------+----------------+---------------------------------------------+
; LPM_WIDTHN             ; 5              ; Untyped                                     ;
; LPM_WIDTHD             ; 4              ; Untyped                                     ;
; LPM_NREPRESENTATION    ; UNSIGNED       ; Untyped                                     ;
; LPM_DREPRESENTATION    ; UNSIGNED       ; Untyped                                     ;
; LPM_PIPELINE           ; 0              ; Untyped                                     ;
; LPM_REMAINDERPOSITIVE  ; TRUE           ; Untyped                                     ;
; MAXIMIZE_SPEED         ; 5              ; Untyped                                     ;
; CBXI_PARAMETER         ; lpm_divide_ghm ; Untyped                                     ;
; CARRY_CHAIN            ; MANUAL         ; Untyped                                     ;
; OPTIMIZE_FOR_SPEED     ; 5              ; Untyped                                     ;
; AUTO_CARRY_CHAINS      ; ON             ; AUTO_CARRY                                  ;
; IGNORE_CARRY_BUFFERS   ; OFF            ; IGNORE_CARRY                                ;
; AUTO_CASCADE_CHAINS    ; ON             ; AUTO_CASCADE                                ;
; IGNORE_CASCADE_BUFFERS ; OFF            ; IGNORE_CASCADE                              ;
+------------------------+----------------+---------------------------------------------+
Note: In order to hide this table in the UI and the text report file, please set the "Show Parameter Settings in Synthesis Report" option in "Analysis and Synthesis Settings -> More Settings" to "Off".


+---------------------------------------------------------------------------------------+
; Parameter Settings for Inferred Entity Instance: FNDDisplay:b2v_inst2|lpm_divide:Mod1 ;
+------------------------+----------------+---------------------------------------------+
; Parameter Name         ; Value          ; Type                                        ;
+------------------------+----------------+---------------------------------------------+
; LPM_WIDTHN             ; 5              ; Untyped                                     ;
; LPM_WIDTHD             ; 4              ; Untyped                                     ;
; LPM_NREPRESENTATION    ; UNSIGNED       ; Untyped                                     ;
; LPM_DREPRESENTATION    ; UNSIGNED       ; Untyped                                     ;
; LPM_PIPELINE           ; 0              ; Untyped                                     ;
; LPM_REMAINDERPOSITIVE  ; TRUE           ; Untyped                                     ;
; MAXIMIZE_SPEED         ; 5              ; Untyped                                     ;
; CBXI_PARAMETER         ; lpm_divide_j9m ; Untyped                                     ;
; CARRY_CHAIN            ; MANUAL         ; Untyped                                     ;
; OPTIMIZE_FOR_SPEED     ; 5              ; Untyped                                     ;
; AUTO_CARRY_CHAINS      ; ON             ; AUTO_CARRY                                  ;
; IGNORE_CARRY_BUFFERS   ; OFF            ; IGNORE_CARRY                                ;
; AUTO_CASCADE_CHAINS    ; ON             ; AUTO_CASCADE                                ;
; IGNORE_CASCADE_BUFFERS ; OFF            ; IGNORE_CASCADE                              ;
+------------------------+----------------+---------------------------------------------+
Note: In order to hide this table in the UI and the text report file, please set the "Show Parameter Settings in Synthesis Report" option in "Analysis and Synthesis Settings -> More Settings" to "Off".


+---------------------------------------------------------------------------------------+
; Parameter Settings for Inferred Entity Instance: FNDDisplay:b2v_inst2|lpm_divide:Div1 ;
+------------------------+----------------+---------------------------------------------+
; Parameter Name         ; Value          ; Type                                        ;
+------------------------+----------------+---------------------------------------------+
; LPM_WIDTHN             ; 6              ; Untyped                                     ;
; LPM_WIDTHD             ; 4              ; Untyped                                     ;
; LPM_NREPRESENTATION    ; UNSIGNED       ; Untyped                                     ;
; LPM_DREPRESENTATION    ; UNSIGNED       ; Untyped                                     ;
; LPM_PIPELINE           ; 0              ; Untyped                                     ;
; LPM_REMAINDERPOSITIVE  ; TRUE           ; Untyped                                     ;
; MAXIMIZE_SPEED         ; 5              ; Untyped                                     ;
; CBXI_PARAMETER         ; lpm_divide_hhm ; Untyped                                     ;
; CARRY_CHAIN            ; MANUAL         ; Untyped                                     ;
; OPTIMIZE_FOR_SPEED     ; 5              ; Untyped                                     ;
; AUTO_CARRY_CHAINS      ; ON             ; AUTO_CARRY                                  ;
; IGNORE_CARRY_BUFFERS   ; OFF            ; IGNORE_CARRY                                ;
; AUTO_CASCADE_CHAINS    ; ON             ; AUTO_CASCADE                                ;
; IGNORE_CASCADE_BUFFERS ; OFF            ; IGNORE_CASCADE                              ;
+------------------------+----------------+---------------------------------------------+
Note: In order to hide this table in the UI and the text report file, please set the "Show Parameter Settings in Synthesis Report" option in "Analysis and Synthesis Settings -> More Settings" to "Off".


+---------------------------------------------------------------------------------------+
; Parameter Settings for Inferred Entity Instance: FNDDisplay:b2v_inst2|lpm_divide:Mod2 ;
+------------------------+----------------+---------------------------------------------+
; Parameter Name         ; Value          ; Type                                        ;
+------------------------+----------------+---------------------------------------------+
; LPM_WIDTHN             ; 6              ; Untyped                                     ;
; LPM_WIDTHD             ; 4              ; Untyped                                     ;
; LPM_NREPRESENTATION    ; UNSIGNED       ; Untyped                                     ;
; LPM_DREPRESENTATION    ; UNSIGNED       ; Untyped                                     ;
; LPM_PIPELINE           ; 0              ; Untyped                                     ;
; LPM_REMAINDERPOSITIVE  ; TRUE           ; Untyped                                     ;
; MAXIMIZE_SPEED         ; 5              ; Untyped                                     ;
; CBXI_PARAMETER         ; lpm_divide_l9m ; Untyped                                     ;
; CARRY_CHAIN            ; MANUAL         ; Untyped                                     ;
; OPTIMIZE_FOR_SPEED     ; 5              ; Untyped                                     ;
; AUTO_CARRY_CHAINS      ; ON             ; AUTO_CARRY                                  ;
; IGNORE_CARRY_BUFFERS   ; OFF            ; IGNORE_CARRY                                ;
; AUTO_CASCADE_CHAINS    ; ON             ; AUTO_CASCADE                                ;
; IGNORE_CASCADE_BUFFERS ; OFF            ; IGNORE_CASCADE                              ;
+------------------------+----------------+---------------------------------------------+
Note: In order to hide this table in the UI and the text report file, please set the "Show Parameter Settings in Synthesis Report" option in "Analysis and Synthesis Settings -> More Settings" to "Off".


+---------------------------------------------------------------------------------------+
; Parameter Settings for Inferred Entity Instance: FNDDisplay:b2v_inst2|lpm_divide:Div2 ;
+------------------------+----------------+---------------------------------------------+
; Parameter Name         ; Value          ; Type                                        ;
+------------------------+----------------+---------------------------------------------+
; LPM_WIDTHN             ; 6              ; Untyped                                     ;
; LPM_WIDTHD             ; 4              ; Untyped                                     ;
; LPM_NREPRESENTATION    ; UNSIGNED       ; Untyped                                     ;
; LPM_DREPRESENTATION    ; UNSIGNED       ; Untyped                                     ;
; LPM_PIPELINE           ; 0              ; Untyped                                     ;
; LPM_REMAINDERPOSITIVE  ; TRUE           ; Untyped                                     ;
; MAXIMIZE_SPEED         ; 5              ; Untyped                                     ;
; CBXI_PARAMETER         ; lpm_divide_hhm ; Untyped                                     ;
; CARRY_CHAIN            ; MANUAL         ; Untyped                                     ;
; OPTIMIZE_FOR_SPEED     ; 5              ; Untyped                                     ;
; AUTO_CARRY_CHAINS      ; ON             ; AUTO_CARRY                                  ;
; IGNORE_CARRY_BUFFERS   ; OFF            ; IGNORE_CARRY                                ;
; AUTO_CASCADE_CHAINS    ; ON             ; AUTO_CASCADE                                ;
; IGNORE_CASCADE_BUFFERS ; OFF            ; IGNORE_CASCADE                              ;
+------------------------+----------------+---------------------------------------------+
Note: In order to hide this table in the UI and the text report file, please set the "Show Parameter Settings in Synthesis Report" option in "Analysis and Synthesis Settings -> More Settings" to "Off".


+---------------------------------------------------------------------------------------+
; Parameter Settings for Inferred Entity Instance: FNDDisplay:b2v_inst2|lpm_divide:Mod3 ;
+------------------------+----------------+---------------------------------------------+
; Parameter Name         ; Value          ; Type                                        ;
+------------------------+----------------+---------------------------------------------+
; LPM_WIDTHN             ; 6              ; Untyped                                     ;
; LPM_WIDTHD             ; 4              ; Untyped                                     ;
; LPM_NREPRESENTATION    ; UNSIGNED       ; Untyped                                     ;
; LPM_DREPRESENTATION    ; UNSIGNED       ; Untyped                                     ;
; LPM_PIPELINE           ; 0              ; Untyped                                     ;
; LPM_REMAINDERPOSITIVE  ; TRUE           ; Untyped                                     ;
; MAXIMIZE_SPEED         ; 5              ; Untyped                                     ;
; CBXI_PARAMETER         ; lpm_divide_l9m ; Untyped                                     ;
; CARRY_CHAIN            ; MANUAL         ; Untyped                                     ;
; OPTIMIZE_FOR_SPEED     ; 5              ; Untyped                                     ;
; AUTO_CARRY_CHAINS      ; ON             ; AUTO_CARRY                                  ;
; IGNORE_CARRY_BUFFERS   ; OFF            ; IGNORE_CARRY                                ;
; AUTO_CASCADE_CHAINS    ; ON             ; AUTO_CASCADE                                ;
; IGNORE_CASCADE_BUFFERS ; OFF            ; IGNORE_CASCADE                              ;
+------------------------+----------------+---------------------------------------------+
Note: In order to hide this table in the UI and the text report file, please set the "Show Parameter Settings in Synthesis Report" option in "Analysis and Synthesis Settings -> More Settings" to "Off".


+-----------------------------------------------------+
; Post-Synthesis Netlist Statistics for Top Partition ;
+-----------------------+-----------------------------+
; Type                  ; Count                       ;
+-----------------------+-----------------------------+
; boundary_port         ; 36                          ;
; cycloneiii_ff         ; 165                         ;
;     CLR               ; 5                           ;
;     ENA               ; 4                           ;
;     ENA CLR SCLR      ; 17                          ;
;     ENA SCLR          ; 33                          ;
;     SCLR              ; 99                          ;
;     SLD               ; 4                           ;
;     plain             ; 3                           ;
; cycloneiii_lcell_comb ; 421                         ;
;     arith             ; 167                         ;
;         2 data inputs ; 121                         ;
;         3 data inputs ; 46                          ;
;     normal            ; 254                         ;
;         0 data inputs ; 17                          ;
;         1 data inputs ; 11                          ;
;         2 data inputs ; 99                          ;
;         3 data inputs ; 44                          ;
;         4 data inputs ; 83                          ;
;                       ;                             ;
; Max LUT depth         ; 8.10                        ;
; Average LUT depth     ; 4.65                        ;
+-----------------------+-----------------------------+


+-------------------------------+
; Elapsed Time Per Partition    ;
+----------------+--------------+
; Partition Name ; Elapsed Time ;
+----------------+--------------+
; Top            ; 00:00:02     ;
+----------------+--------------+


+-------------------------------+
; Analysis & Synthesis Messages ;
+-------------------------------+
Info: *******************************************************************
Info: Running Quartus Prime Analysis & Synthesis
    Info: Version 20.1.1 Build 720 11/11/2020 SJ Lite Edition
    Info: Processing started: Sun Dec 21 17:36:18 2025
Info: Command: quartus_map --read_settings_files=on --write_settings_files=off DigitalWatch -c DigitalWatch
Warning (18236): Number of processors has not been specified which may cause overloading on shared machines.  Set the global assignment NUM_PARALLEL_PROCESSORS in your QSF to an appropriate value for best performance.
Info (20030): Parallel compilation is enabled and will use 16 of the 24 processors detected
Info (12021): Found 1 design units, including 1 entities, in source file digitalclock.v
    Info (12023): Found entity 1: DigitalClock File: C:/Users/ncool/Github/FPGA/Quartus/QuartusModule/DigitalWatch/DigitalClock.v Line: 2
Info (12021): Found 1 design units, including 1 entities, in source file digitalwatch.v
    Info (12023): Found entity 1: DigitalWatch File: C:/Users/ncool/Github/FPGA/Quartus/QuartusModule/DigitalWatch/DigitalWatch.v Line: 1
Info (12021): Found 1 design units, including 1 entities, in source file masterselect.v
    Info (12023): Found entity 1: MasterSelect File: C:/Users/ncool/Github/FPGA/Quartus/QuartusModule/DigitalWatch/MasterSelect.v Line: 2
Info (12021): Found 1 design units, including 1 entities, in source file fnddisplay.v
    Info (12023): Found entity 1: FNDDisplay File: C:/Users/ncool/Github/FPGA/Quartus/QuartusModule/DigitalWatch/FNDDisplay.v Line: 2
Info (12127): Elaborating entity "DigitalWatch" for the top level hierarchy
Info (12128): Elaborating entity "MasterSelect" for hierarchy "MasterSelect:b2v_inst" File: C:/Users/ncool/Github/FPGA/Quartus/QuartusModule/DigitalWatch/DigitalWatch.v Line: 62
Info (10264): Verilog HDL Case Statement information at MasterSelect.v(36): all case item expressions in this case statement are onehot File: C:/Users/ncool/Github/FPGA/Quartus/QuartusModule/DigitalWatch/MasterSelect.v Line: 36
Info (12128): Elaborating entity "DigitalClock" for hierarchy "DigitalClock:b2v_inst1" File: C:/Users/ncool/Github/FPGA/Quartus/QuartusModule/DigitalWatch/DigitalWatch.v Line: 76
Info (12128): Elaborating entity "FNDDisplay" for hierarchy "FNDDisplay:b2v_inst2" File: C:/Users/ncool/Github/FPGA/Quartus/QuartusModule/DigitalWatch/DigitalWatch.v Line: 99
Info (10264): Verilog HDL Case Statement information at FNDDisplay.v(86): all case item expressions in this case statement are onehot File: C:/Users/ncool/Github/FPGA/Quartus/QuartusModule/DigitalWatch/FNDDisplay.v Line: 86
Warning (10230): Verilog HDL assignment warning at FNDDisplay.v(119): truncated value with size 32 to match size of target (4) File: C:/Users/ncool/Github/FPGA/Quartus/QuartusModule/DigitalWatch/FNDDisplay.v Line: 119
Warning (10230): Verilog HDL assignment warning at FNDDisplay.v(120): truncated value with size 32 to match size of target (4) File: C:/Users/ncool/Github/FPGA/Quartus/QuartusModule/DigitalWatch/FNDDisplay.v Line: 120
Warning (10230): Verilog HDL assignment warning at FNDDisplay.v(121): truncated value with size 32 to match size of target (4) File: C:/Users/ncool/Github/FPGA/Quartus/QuartusModule/DigitalWatch/FNDDisplay.v Line: 121
Warning (10230): Verilog HDL assignment warning at FNDDisplay.v(122): truncated value with size 32 to match size of target (4) File: C:/Users/ncool/Github/FPGA/Quartus/QuartusModule/DigitalWatch/FNDDisplay.v Line: 122
Warning (10230): Verilog HDL assignment warning at FNDDisplay.v(123): truncated value with size 32 to match size of target (4) File: C:/Users/ncool/Github/FPGA/Quartus/QuartusModule/DigitalWatch/FNDDisplay.v Line: 123
Warning (10230): Verilog HDL assignment warning at FNDDisplay.v(124): truncated value with size 32 to match size of target (4) File: C:/Users/ncool/Github/FPGA/Quartus/QuartusModule/DigitalWatch/FNDDisplay.v Line: 124
Warning (284006): Flipped 1 bits in user-encoded state machine |DigitalWatch|MasterSelect:b2v_inst|set_pos
Info (278001): Inferred 7 megafunctions from design logic
    Info (278004): Inferred divider/modulo megafunction ("lpm_divide") from the following logic: "FNDDisplay:b2v_inst2|Mod0" File: C:/Users/ncool/Github/FPGA/Quartus/QuartusModule/DigitalWatch/FNDDisplay.v Line: 120
    Info (278004): Inferred divider/modulo megafunction ("lpm_divide") from the following logic: "FNDDisplay:b2v_inst2|Div0" File: C:/Users/ncool/Github/FPGA/Quartus/QuartusModule/DigitalWatch/FNDDisplay.v Line: 119
    Info (278004): Inferred divider/modulo megafunction ("lpm_divide") from the following logic: "FNDDisplay:b2v_inst2|Mod1" File: C:/Users/ncool/Github/FPGA/Quartus/QuartusModule/DigitalWatch/FNDDisplay.v Line: 120
    Info (278004): Inferred divider/modulo megafunction ("lpm_divide") from the following logic: "FNDDisplay:b2v_inst2|Div1" File: C:/Users/ncool/Github/FPGA/Quartus/QuartusModule/DigitalWatch/FNDDisplay.v Line: 121
    Info (278004): Inferred divider/modulo megafunction ("lpm_divide") from the following logic: "FNDDisplay:b2v_inst2|Mod2" File: C:/Users/ncool/Github/FPGA/Quartus/QuartusModule/DigitalWatch/FNDDisplay.v Line: 122
    Info (278004): Inferred divider/modulo megafunction ("lpm_divide") from the following logic: "FNDDisplay:b2v_inst2|Div2" File: C:/Users/ncool/Github/FPGA/Quartus/QuartusModule/DigitalWatch/FNDDisplay.v Line: 123
    Info (278004): Inferred divider/modulo megafunction ("lpm_divide") from the following logic: "FNDDisplay:b2v_inst2|Mod3" File: C:/Users/ncool/Github/FPGA/Quartus/QuartusModule/DigitalWatch/FNDDisplay.v Line: 124
Info (12130): Elaborated megafunction instantiation "FNDDisplay:b2v_inst2|lpm_divide:Mod0" File: C:/Users/ncool/Github/FPGA/Quartus/QuartusModule/DigitalWatch/FNDDisplay.v Line: 120
Info (12133): Instantiated megafunction "FNDDisplay:b2v_inst2|lpm_divide:Mod0" with the following parameter: File: C:/Users/ncool/Github/FPGA/Quartus/QuartusModule/DigitalWatch/FNDDisplay.v Line: 120
    Info (12134): Parameter "LPM_WIDTHN" = "5"
    Info (12134): Parameter "LPM_WIDTHD" = "5"
    Info (12134): Parameter "LPM_NREPRESENTATION" = "UNSIGNED"
    Info (12134): Parameter "LPM_DREPRESENTATION" = "UNSIGNED"
Info (12021): Found 1 design units, including 1 entities, in source file db/lpm_divide_k9m.tdf
    Info (12023): Found entity 1: lpm_divide_k9m File: C:/Users/ncool/Github/FPGA/Quartus/QuartusModule/DigitalWatch/db/lpm_divide_k9m.tdf Line: 25
Info (12021): Found 1 design units, including 1 entities, in source file db/sign_div_unsign_9kh.tdf
    Info (12023): Found entity 1: sign_div_unsign_9kh File: C:/Users/ncool/Github/FPGA/Quartus/QuartusModule/DigitalWatch/db/sign_div_unsign_9kh.tdf Line: 25
Info (12021): Found 1 design units, including 1 entities, in source file db/alt_u_div_64f.tdf
    Info (12023): Found entity 1: alt_u_div_64f File: C:/Users/ncool/Github/FPGA/Quartus/QuartusModule/DigitalWatch/db/alt_u_div_64f.tdf Line: 27
Info (12021): Found 1 design units, including 1 entities, in source file db/add_sub_7pc.tdf
    Info (12023): Found entity 1: add_sub_7pc File: C:/Users/ncool/Github/FPGA/Quartus/QuartusModule/DigitalWatch/db/add_sub_7pc.tdf Line: 23
Info (12021): Found 1 design units, including 1 entities, in source file db/add_sub_8pc.tdf
    Info (12023): Found entity 1: add_sub_8pc File: C:/Users/ncool/Github/FPGA/Quartus/QuartusModule/DigitalWatch/db/add_sub_8pc.tdf Line: 23
Info (12130): Elaborated megafunction instantiation "FNDDisplay:b2v_inst2|lpm_divide:Div0" File: C:/Users/ncool/Github/FPGA/Quartus/QuartusModule/DigitalWatch/FNDDisplay.v Line: 119
Info (12133): Instantiated megafunction "FNDDisplay:b2v_inst2|lpm_divide:Div0" with the following parameter: File: C:/Users/ncool/Github/FPGA/Quartus/QuartusModule/DigitalWatch/FNDDisplay.v Line: 119
    Info (12134): Parameter "LPM_WIDTHN" = "5"
    Info (12134): Parameter "LPM_WIDTHD" = "4"
    Info (12134): Parameter "LPM_NREPRESENTATION" = "UNSIGNED"
    Info (12134): Parameter "LPM_DREPRESENTATION" = "UNSIGNED"
Info (12021): Found 1 design units, including 1 entities, in source file db/lpm_divide_ghm.tdf
    Info (12023): Found entity 1: lpm_divide_ghm File: C:/Users/ncool/Github/FPGA/Quartus/QuartusModule/DigitalWatch/db/lpm_divide_ghm.tdf Line: 25
Info (12021): Found 1 design units, including 1 entities, in source file db/sign_div_unsign_8kh.tdf
    Info (12023): Found entity 1: sign_div_unsign_8kh File: C:/Users/ncool/Github/FPGA/Quartus/QuartusModule/DigitalWatch/db/sign_div_unsign_8kh.tdf Line: 25
Info (12021): Found 1 design units, including 1 entities, in source file db/alt_u_div_44f.tdf
    Info (12023): Found entity 1: alt_u_div_44f File: C:/Users/ncool/Github/FPGA/Quartus/QuartusModule/DigitalWatch/db/alt_u_div_44f.tdf Line: 27
Info (12130): Elaborated megafunction instantiation "FNDDisplay:b2v_inst2|lpm_divide:Mod1" File: C:/Users/ncool/Github/FPGA/Quartus/QuartusModule/DigitalWatch/FNDDisplay.v Line: 120
Info (12133): Instantiated megafunction "FNDDisplay:b2v_inst2|lpm_divide:Mod1" with the following parameter: File: C:/Users/ncool/Github/FPGA/Quartus/QuartusModule/DigitalWatch/FNDDisplay.v Line: 120
    Info (12134): Parameter "LPM_WIDTHN" = "5"
    Info (12134): Parameter "LPM_WIDTHD" = "4"
    Info (12134): Parameter "LPM_NREPRESENTATION" = "UNSIGNED"
    Info (12134): Parameter "LPM_DREPRESENTATION" = "UNSIGNED"
Info (12021): Found 1 design units, including 1 entities, in source file db/lpm_divide_j9m.tdf
    Info (12023): Found entity 1: lpm_divide_j9m File: C:/Users/ncool/Github/FPGA/Quartus/QuartusModule/DigitalWatch/db/lpm_divide_j9m.tdf Line: 25
Info (12130): Elaborated megafunction instantiation "FNDDisplay:b2v_inst2|lpm_divide:Div1" File: C:/Users/ncool/Github/FPGA/Quartus/QuartusModule/DigitalWatch/FNDDisplay.v Line: 121
Info (12133): Instantiated megafunction "FNDDisplay:b2v_inst2|lpm_divide:Div1" with the following parameter: File: C:/Users/ncool/Github/FPGA/Quartus/QuartusModule/DigitalWatch/FNDDisplay.v Line: 121
    Info (12134): Parameter "LPM_WIDTHN" = "6"
    Info (12134): Parameter "LPM_WIDTHD" = "4"
    Info (12134): Parameter "LPM_NREPRESENTATION" = "UNSIGNED"
    Info (12134): Parameter "LPM_DREPRESENTATION" = "UNSIGNED"
Info (12021): Found 1 design units, including 1 entities, in source file db/lpm_divide_hhm.tdf
    Info (12023): Found entity 1: lpm_divide_hhm File: C:/Users/ncool/Github/FPGA/Quartus/QuartusModule/DigitalWatch/db/lpm_divide_hhm.tdf Line: 25
Info (12021): Found 1 design units, including 1 entities, in source file db/sign_div_unsign_akh.tdf
    Info (12023): Found entity 1: sign_div_unsign_akh File: C:/Users/ncool/Github/FPGA/Quartus/QuartusModule/DigitalWatch/db/sign_div_unsign_akh.tdf Line: 25
Info (12021): Found 1 design units, including 1 entities, in source file db/alt_u_div_74f.tdf
    Info (12023): Found entity 1: alt_u_div_74f File: C:/Users/ncool/Github/FPGA/Quartus/QuartusModule/DigitalWatch/db/alt_u_div_74f.tdf Line: 27
Info (12130): Elaborated megafunction instantiation "FNDDisplay:b2v_inst2|lpm_divide:Mod2" File: C:/Users/ncool/Github/FPGA/Quartus/QuartusModule/DigitalWatch/FNDDisplay.v Line: 122
Info (12133): Instantiated megafunction "FNDDisplay:b2v_inst2|lpm_divide:Mod2" with the following parameter: File: C:/Users/ncool/Github/FPGA/Quartus/QuartusModule/DigitalWatch/FNDDisplay.v Line: 122
    Info (12134): Parameter "LPM_WIDTHN" = "6"
    Info (12134): Parameter "LPM_WIDTHD" = "4"
    Info (12134): Parameter "LPM_NREPRESENTATION" = "UNSIGNED"
    Info (12134): Parameter "LPM_DREPRESENTATION" = "UNSIGNED"
Info (12021): Found 1 design units, including 1 entities, in source file db/lpm_divide_l9m.tdf
    Info (12023): Found entity 1: lpm_divide_l9m File: C:/Users/ncool/Github/FPGA/Quartus/QuartusModule/DigitalWatch/db/lpm_divide_l9m.tdf Line: 25
Info (13000): Registers with preset signals will power-up high File: C:/Users/ncool/Github/FPGA/Quartus/QuartusModule/DigitalWatch/FNDDisplay.v Line: 47
Info (13003): DEV_CLRn pin will set, and not reset, register with preset signal due to NOT Gate Push-Back
Info (286030): Timing-Driven Synthesis is running
Info (16010): Generating hard_block partition "hard_block:auto_generated_inst"
    Info (16011): Adding 0 node(s), including 0 DDIO, 0 PLL, 0 transceiver and 0 LCELL
Info (21057): Implemented 456 device resources after synthesis - the final resource count might be different
    Info (21058): Implemented 5 input pins
    Info (21059): Implemented 31 output pins
    Info (21061): Implemented 420 logic cells
Info: Quartus Prime Analysis & Synthesis was successful. 0 errors, 8 warnings
    Info: Peak virtual memory: 4929 megabytes
    Info: Processing ended: Sun Dec 21 17:36:29 2025
    Info: Elapsed time: 00:00:11
    Info: Total CPU time (on all processors): 00:00:24


